Log file open, 11/27/18 17:49:37
LogInit:Display: Running engine for game: vrWTrigo8
LogPlatformFile: Not using cached read wrapper
LogInit:Display: RandInit(-1795227018) SRandInit(-1795227018).
LogTaskGraph: Started task graph with 5 named threads and 8 total threads with 1 sets of task threads.
LogStats: Stats thread started at 0.086231
LogPluginManager: Loaded Plugin Paper2D, From C:/Program Files/Epic Games/UE_4.13/Engine/Plugins/2D/Paper2D/Paper2D.uplugin
LogPluginManager: Loaded Plugin LightPropagationVolume, From C:/Program Files/Epic Games/UE_4.13/Engine/Plugins/Blendables/LightPropagationVolume/LightPropagationVolume.uplugin
LogPluginManager: Loaded Plugin BlankPlugin, From C:/Program Files/Epic Games/UE_4.13/Engine/Plugins/Developer/BlankPlugin/BlankPlugin.uplugin
LogPluginManager: Loaded Plugin CodeLiteSourceCodeAccess, From C:/Program Files/Epic Games/UE_4.13/Engine/Plugins/Developer/CodeLiteSourceCodeAccess/CodeLiteSourceCodeAccess.uplugin
LogPluginManager: Loaded Plugin GitSourceControl, From C:/Program Files/Epic Games/UE_4.13/Engine/Plugins/Developer/GitSourceControl/GitSourceControl.uplugin
LogPluginManager: Loaded Plugin KDevelopSourceCodeAccess, From C:/Program Files/Epic Games/UE_4.13/Engine/Plugins/Developer/KDevelopSourceCodeAccess/KDevelopSourceCodeAccess.uplugin
LogPluginManager: Loaded Plugin NullSourceCodeAccess, From C:/Program Files/Epic Games/UE_4.13/Engine/Plugins/Developer/NullSourceCodeAccess/NullSourceCodeAccess.uplugin
LogPluginManager: Loaded Plugin OneSkyLocalizationService, From C:/Program Files/Epic Games/UE_4.13/Engine/Plugins/Developer/OneSkyLocalizationService/OneSkyLocalizationService.uplugin
LogPluginManager: Loaded Plugin PerforceSourceControl, From C:/Program Files/Epic Games/UE_4.13/Engine/Plugins/Developer/PerforceSourceControl/PerforceSourceControl.uplugin
LogPluginManager: Loaded Plugin SubversionSourceControl, From C:/Program Files/Epic Games/UE_4.13/Engine/Plugins/Developer/SubversionSourceControl/SubversionSourceControl.uplugin
LogPluginManager: Loaded Plugin UObjectPlugin, From C:/Program Files/Epic Games/UE_4.13/Engine/Plugins/Developer/UObjectPlugin/UObjectPlugin.uplugin
LogPluginManager: Loaded Plugin VisualStudioSourceCodeAccess, From C:/Program Files/Epic Games/UE_4.13/Engine/Plugins/Developer/VisualStudioSourceCodeAccess/VisualStudioSourceCodeAccess.uplugin
LogPluginManager: Loaded Plugin XCodeSourceCodeAccess, From C:/Program Files/Epic Games/UE_4.13/Engine/Plugins/Developer/XCodeSourceCodeAccess/XCodeSourceCodeAccess.uplugin
LogPluginManager: Loaded Plugin EpicSurvey, From C:/Program Files/Epic Games/UE_4.13/Engine/Plugins/Editor/EpicSurvey/EpicSurvey.uplugin
LogPluginManager: Loaded Plugin MacGraphicsSwitching, From C:/Program Files/Epic Games/UE_4.13/Engine/Plugins/Editor/MacGraphicsSwitching/MacGraphicsSwitching.uplugin
LogPluginManager: Loaded Plugin MobileLauncherProfileWizard, From C:/Program Files/Epic Games/UE_4.13/Engine/Plugins/Editor/MobileLauncherProfileWizard/MobileLauncherProfileWizard.uplugin
LogPluginManager: Loaded Plugin PluginBrowser, From C:/Program Files/Epic Games/UE_4.13/Engine/Plugins/Editor/PluginBrowser/PluginBrowser.uplugin
LogPluginManager: Loaded Plugin SpeedTreeImporter, From C:/Program Files/Epic Games/UE_4.13/Engine/Plugins/Editor/SpeedTreeImporter/SpeedTreeImporter.uplugin
LogPluginManager: Loaded Plugin SuperSearchEditor, From C:/Program Files/Epic Games/UE_4.13/Engine/Plugins/Editor/SuperSearchEditor/SuperSearchEditor.uplugin
LogPluginManager: Loaded Plugin AlembicImporter, From C:/Program Files/Epic Games/UE_4.13/Engine/Plugins/Experimental/AlembicImporter/AlembicImporter.uplugin
LogPluginManager: Loaded Plugin BlueprintStats, From C:/Program Files/Epic Games/UE_4.13/Engine/Plugins/Experimental/BlueprintStats/BlueprintStats.uplugin
LogPluginManager: Loaded Plugin CharacterAI, From C:/Program Files/Epic Games/UE_4.13/Engine/Plugins/Experimental/CharacterAI/CharacterAI.uplugin
LogPluginManager: Loaded Plugin CodeEditor, From C:/Program Files/Epic Games/UE_4.13/Engine/Plugins/Experimental/CodeEditor/CodeEditor.uplugin
LogPluginManager: Loaded Plugin CodeView, From C:/Program Files/Epic Games/UE_4.13/Engine/Plugins/Experimental/CodeView/CodeView.uplugin
LogPluginManager: Loaded Plugin HTML5Networking, From C:/Program Files/Epic Games/UE_4.13/Engine/Plugins/Experimental/HTML5Networking/HTML5Networking.uplugin
LogPluginManager: Loaded Plugin LiveEditor, From C:/Program Files/Epic Games/UE_4.13/Engine/Plugins/Experimental/LiveEditor/LiveEditor.uplugin
LogPluginManager: Loaded Plugin OSVR, From C:/Program Files/Epic Games/UE_4.13/Engine/Plugins/Experimental/OSVR/OSVR.uplugin
LogPluginManager: Loaded Plugin Phya, From C:/Program Files/Epic Games/UE_4.13/Engine/Plugins/Experimental/Phya/Phya.uplugin
LogPluginManager: Loaded Plugin SignificanceManager, From C:/Program Files/Epic Games/UE_4.13/Engine/Plugins/Experimental/SignificanceManager/SignificanceManager.uplugin
LogPluginManager: Loaded Plugin SimpleHMD, From C:/Program Files/Epic Games/UE_4.13/Engine/Plugins/Experimental/SimpleHMD/SimpleHMD.uplugin
LogPluginManager: Loaded Plugin StereoPanorama, From C:/Program Files/Epic Games/UE_4.13/Engine/Plugins/Experimental/StereoPanorama/StereoPanorama.uplugin
LogPluginManager: Loaded Plugin StructBox, From C:/Program Files/Epic Games/UE_4.13/Engine/Plugins/Experimental/StructBox/StructBox.uplugin
LogPluginManager: Loaded Plugin AndroidMedia, From C:/Program Files/Epic Games/UE_4.13/Engine/Plugins/Media/AndroidMedia/AndroidMedia.uplugin
LogPluginManager: Loaded Plugin AvfMedia, From C:/Program Files/Epic Games/UE_4.13/Engine/Plugins/Media/AvfMedia/AvfMedia.uplugin
LogPluginManager: Loaded Plugin MediaPlayerEditor, From C:/Program Files/Epic Games/UE_4.13/Engine/Plugins/Media/MediaPlayerEditor/MediaPlayerEditor.uplugin
LogPluginManager: Loaded Plugin WmfMedia, From C:/Program Files/Epic Games/UE_4.13/Engine/Plugins/Media/WmfMedia/WmfMedia.uplugin
LogPluginManager: Loaded Plugin MessagingDebugger, From C:/Program Files/Epic Games/UE_4.13/Engine/Plugins/Messaging/MessagingDebugger/MessagingDebugger.uplugin
LogPluginManager: Loaded Plugin TcpMessaging, From C:/Program Files/Epic Games/UE_4.13/Engine/Plugins/Messaging/TcpMessaging/TcpMessaging.uplugin
LogPluginManager: Loaded Plugin UdpMessaging, From C:/Program Files/Epic Games/UE_4.13/Engine/Plugins/Messaging/UdpMessaging/UdpMessaging.uplugin
LogPluginManager: Loaded Plugin LevelSequenceEditor, From C:/Program Files/Epic Games/UE_4.13/Engine/Plugins/MovieScene/LevelSequenceEditor/LevelSequenceEditor.uplugin
LogPluginManager: Loaded Plugin MatineeToLevelSequence, From C:/Program Files/Epic Games/UE_4.13/Engine/Plugins/MovieScene/MatineeToLevelSequence/MatineeToLevelSequence.uplugin
LogPluginManager: Loaded Plugin NetcodeUnitTest, From C:/Program Files/Epic Games/UE_4.13/Engine/Plugins/NetcodeUnitTest/NetcodeUnitTest/NetcodeUnitTest.uplugin
LogPluginManager: Loaded Plugin NUTUnrealEngine4, From C:/Program Files/Epic Games/UE_4.13/Engine/Plugins/NetcodeUnitTest/NUTUnrealEngine4/NUTUnrealEngine4.uplugin
LogPluginManager: Loaded Plugin OnlineSubsystemGooglePlay, From C:/Program Files/Epic Games/UE_4.13/Engine/Plugins/Online/Android/OnlineSubsystemGooglePlay/OnlineSubsystemGooglePlay.uplugin
LogPluginManager: Loaded Plugin OnlineSubsystemIOS, From C:/Program Files/Epic Games/UE_4.13/Engine/Plugins/Online/IOS/OnlineSubsystemIOS/OnlineSubsystemIOS.uplugin
LogPluginManager: Loaded Plugin OnlineFramework, From C:/Program Files/Epic Games/UE_4.13/Engine/Plugins/Online/OnlineFramework/OnlineFramework.uplugin
LogPluginManager: Loaded Plugin OnlineSubsystem, From C:/Program Files/Epic Games/UE_4.13/Engine/Plugins/Online/OnlineSubsystem/OnlineSubsystem.uplugin
LogPluginManager: Loaded Plugin OnlineSubsystemAmazon, From C:/Program Files/Epic Games/UE_4.13/Engine/Plugins/Online/OnlineSubsystemAmazon/OnlineSubsystemAmazon.uplugin
LogPluginManager: Loaded Plugin OnlineSubsystemFacebook, From C:/Program Files/Epic Games/UE_4.13/Engine/Plugins/Online/OnlineSubsystemFacebook/OnlineSubsystemFacebook.uplugin
LogPluginManager: Loaded Plugin OnlineSubsystemNull, From C:/Program Files/Epic Games/UE_4.13/Engine/Plugins/Online/OnlineSubsystemNull/OnlineSubsystemNull.uplugin
LogPluginManager: Loaded Plugin OnlineSubsystemOculus, From C:/Program Files/Epic Games/UE_4.13/Engine/Plugins/Online/OnlineSubsystemOculus/OnlineSubsystemOculus.uplugin
LogPluginManager: Loaded Plugin OnlineSubsystemSteam, From C:/Program Files/Epic Games/UE_4.13/Engine/Plugins/Online/OnlineSubsystemSteam/OnlineSubsystemSteam.uplugin
LogPluginManager: Loaded Plugin OnlineSubsystemUtils, From C:/Program Files/Epic Games/UE_4.13/Engine/Plugins/Online/OnlineSubsystemUtils/OnlineSubsystemUtils.uplugin
LogPluginManager: Loaded Plugin IOSTapJoy, From C:/Program Files/Epic Games/UE_4.13/Engine/Plugins/Runtime/Advertising/IOSTapJoy/IOSTapJoy.uplugin
LogPluginManager: Loaded Plugin AnalyticsBlueprintLibrary, From C:/Program Files/Epic Games/UE_4.13/Engine/Plugins/Runtime/Analytics/AnalyticsBlueprintLibrary/AnalyticsBlueprintLibrary.uplugin
LogPluginManager: Loaded Plugin AnalyticsMulticast, From C:/Program Files/Epic Games/UE_4.13/Engine/Plugins/Runtime/Analytics/AnalyticsMulticast/AnalyticsMulticast.uplugin
LogPluginManager: Loaded Plugin Apsalar, From C:/Program Files/Epic Games/UE_4.13/Engine/Plugins/Runtime/Analytics/Apsalar/Apsalar.uplugin
LogPluginManager: Loaded Plugin FileLogging, From C:/Program Files/Epic Games/UE_4.13/Engine/Plugins/Runtime/Analytics/FileLogging/FileLogging.uplugin
LogPluginManager: Loaded Plugin Flurry, From C:/Program Files/Epic Games/UE_4.13/Engine/Plugins/Runtime/Analytics/Flurry/Flurry.uplugin
LogPluginManager: Loaded Plugin AndroidDeviceProfileSelector, From C:/Program Files/Epic Games/UE_4.13/Engine/Plugins/Runtime/AndroidDeviceProfileSelector/AndroidDeviceProfileSelector.uplugin
LogPluginManager: Loaded Plugin AndroidMoviePlayer, From C:/Program Files/Epic Games/UE_4.13/Engine/Plugins/Runtime/AndroidMoviePlayer/AndroidMoviePlayer.uplugin
LogPluginManager: Loaded Plugin AppleMoviePlayer, From C:/Program Files/Epic Games/UE_4.13/Engine/Plugins/Runtime/AppleMoviePlayer/AppleMoviePlayer.uplugin
LogPluginManager: Loaded Plugin ArchVisCharacter, From C:/Program Files/Epic Games/UE_4.13/Engine/Plugins/Runtime/ArchVisCharacter/ArchVisCharacter.uplugin
LogPluginManager: Loaded Plugin CableComponent, From C:/Program Files/Epic Games/UE_4.13/Engine/Plugins/Runtime/CableComponent/CableComponent.uplugin
LogPluginManager: Loaded Plugin CustomMeshComponent, From C:/Program Files/Epic Games/UE_4.13/Engine/Plugins/Runtime/CustomMeshComponent/CustomMeshComponent.uplugin
LogPluginManager: Loaded Plugin ExampleDeviceProfileSelector, From C:/Program Files/Epic Games/UE_4.13/Engine/Plugins/Runtime/ExampleDeviceProfileSelector/ExampleDeviceProfileSelector.uplugin
LogPluginManager: Loaded Plugin GearVR, From C:/Program Files/Epic Games/UE_4.13/Engine/Plugins/Runtime/GearVR/GearVR.uplugin
LogPluginManager: Loaded Plugin GoogleVRController, From C:/Program Files/Epic Games/UE_4.13/Engine/Plugins/Runtime/GoogleVR/GoogleVRController/GoogleVRController.uplugin
LogPluginManager: Loaded Plugin GoogleVRHMD, From C:/Program Files/Epic Games/UE_4.13/Engine/Plugins/Runtime/GoogleVR/GoogleVRHMD/GoogleVRHMD.uplugin
LogPluginManager: Loaded Plugin IOSDeviceProfileSelector, From C:/Program Files/Epic Games/UE_4.13/Engine/Plugins/Runtime/IOSDeviceProfileSelector/IOSDeviceProfileSelector.uplugin
LogPluginManager: Loaded Plugin LeapMotion, From C:/Program Files/Epic Games/UE_4.13/Engine/Plugins/Runtime/LeapMotion/LeapMotion.uplugin
LogPluginManager: Loaded Plugin LinuxDeviceProfileSelector, From C:/Program Files/Epic Games/UE_4.13/Engine/Plugins/Runtime/LinuxDeviceProfileSelector/LinuxDeviceProfileSelector.uplugin
LogPluginManager: Loaded Plugin LiveEditorListenServer, From C:/Program Files/Epic Games/UE_4.13/Engine/Plugins/Runtime/LiveEditorListenServer/LiveEditorListenServer.uplugin
LogPluginManager: Loaded Plugin OculusAudio, From C:/Program Files/Epic Games/UE_4.13/Engine/Plugins/Runtime/OculusAudio/OculusAudio.uplugin
LogPluginManager: Loaded Plugin OculusInput, From C:/Program Files/Epic Games/UE_4.13/Engine/Plugins/Runtime/OculusInput/OculusInput.uplugin
LogPluginManager: Loaded Plugin OculusLibrary, From C:/Program Files/Epic Games/UE_4.13/Engine/Plugins/Runtime/OculusLibrary/OculusLibrary.uplugin
LogPluginManager: Loaded Plugin OculusRift, From C:/Program Files/Epic Games/UE_4.13/Engine/Plugins/Runtime/OculusRift/OculusRift.uplugin
LogPluginManager: Loaded Plugin Oodle, From C:/Program Files/Epic Games/UE_4.13/Engine/Plugins/Runtime/PacketHandlers/CompressionComponents/Oodle/Oodle.uplugin
LogPluginManager: Loaded Plugin ProceduralMeshComponent, From C:/Program Files/Epic Games/UE_4.13/Engine/Plugins/Runtime/ProceduralMeshComponent/ProceduralMeshComponent.uplugin
LogPluginManager: Loaded Plugin SoundMod, From C:/Program Files/Epic Games/UE_4.13/Engine/Plugins/Runtime/SoundMod/SoundMod.uplugin
LogPluginManager: Loaded Plugin SoundVisualizations, From C:/Program Files/Epic Games/UE_4.13/Engine/Plugins/Runtime/SoundVisualizations/SoundVisualizations.uplugin
LogPluginManager: Loaded Plugin SteamController, From C:/Program Files/Epic Games/UE_4.13/Engine/Plugins/Runtime/Steam/SteamController/SteamController.uplugin
LogPluginManager: Loaded Plugin SteamVR, From C:/Program Files/Epic Games/UE_4.13/Engine/Plugins/Runtime/Steam/SteamVR/SteamVR.uplugin
LogPluginManager: Loaded Plugin WebBrowserWidget, From C:/Program Files/Epic Games/UE_4.13/Engine/Plugins/Runtime/WebBrowserWidget/WebBrowserWidget.uplugin
LogPluginManager: Loaded Plugin WindowsDeviceProfileSelector, From C:/Program Files/Epic Games/UE_4.13/Engine/Plugins/Runtime/WindowsDeviceProfileSelector/WindowsDeviceProfileSelector.uplugin
LogPluginManager: Loaded Plugin WindowsMoviePlayer, From C:/Program Files/Epic Games/UE_4.13/Engine/Plugins/Runtime/WindowsMoviePlayer/WindowsMoviePlayer.uplugin
LogPluginManager: Loaded Plugin ScriptPlugin, From C:/Program Files/Epic Games/UE_4.13/Engine/Plugins/ScriptPlugin/ScriptPlugin.uplugin
LogPluginManager: Loaded Plugin SlateRemote, From C:/Program Files/Epic Games/UE_4.13/Engine/Plugins/Slate/SlateRemote/SlateRemote.uplugin
LogInit: Using libcurl 7.47.1
LogInit:  - built for x86_64-pc-win32
LogInit:  - supports SSL with WinSSL
LogInit:  - other features:
LogInit:      CURL_VERSION_SSL
LogInit:      CURL_VERSION_IPV6
LogInit:      CURL_VERSION_ASYNCHDNS
LogInit:      CURL_VERSION_LARGEFILE
LogInit:      CURL_VERSION_IDN
LogInit:  CurlRequestOptions (configurable via config and command line):
LogInit:  - bVerifyPeer = false  - Libcurl will NOT verify peer certificate
LogInit:  - bUseHttpProxy = false  - Libcurl will NOT use HTTP proxy
LogInit:  - bDontReuseConnections = false  - Libcurl will reuse connections
LogInit:  - CertBundlePath = nullptr  - Libcurl will use whatever was configured at build time.
LogInit: Build: ++UE4+Release-4.13-CL-3172292
LogInit: Engine Version: 4.13.2-3172292+++UE4+Release-4.13
LogInit: Compatible Engine Version: 4.13.0-3106830+++UE4+Release-4.13
LogInit: Net CL: 3172292
LogDevObjectVersion: Number of dev versions registered: 13
LogDevObjectVersion:   Dev-Blueprints (B0D832E4-1F89-4F0D-ACCF-7EB736FD4AA2): 5
LogDevObjectVersion:   Dev-Build (E1C64328-A22C-4D53-A36C-8E866417BD8C): 0
LogDevObjectVersion:   Dev-Core (375EC13C-06E4-48FB-B500-84F0262A717E): 1
LogDevObjectVersion:   Dev-Editor (E4B068ED-F494-42E9-A231-DA0B2E46BB41): 6
LogDevObjectVersion:   Dev-Framework (CFFC743F-43B0-4480-9391-14DF171D2073): 12
LogDevObjectVersion:   Dev-Mobile (B02B49B5-BB20-44E9-A304-32B752E40360): 0
LogDevObjectVersion:   Dev-Networking (A4E4105C-59A1-49B5-A7C5-40C4547EDFEE): 0
LogDevObjectVersion:   Dev-Online (39C831C9-5AE6-47DC-9A44-9C173E1C8E7C): 0
LogDevObjectVersion:   Dev-Physics (78F01B33-EBEA-4F98-B9B4-84EACCB95AA2): 0
LogDevObjectVersion:   Dev-Platform (6631380F-2D4D-43E0-8009-CF276956A95A): 0
LogDevObjectVersion:   Dev-Rendering (12F88B9F-8875-4AFC-A67C-D90C383ABD29): 4
LogDevObjectVersion:   Dev-Sequencer (7B5AE74C-D270-4C10-A958-57980B212A5A): 0
LogDevObjectVersion:   Dev-VR (D7296918-1DD6-4BDD-9DE2-64A83CC13884): 0
LogInit: Compiled (64-bit): Oct 24 2016 14:29:06
LogInit: Compiled with Visual C++: 19.00.23026.00
LogInit: Build Configuration: Development
LogInit: Branch Name: ++UE4+Release-4.13
LogInit: Command line:  
LogInit: Base directory: C:/Program Files/Epic Games/UE_4.13/Engine/Binaries/Win64/
LogInit: Installed Engine Build: 1
LogInit: Presizing for max 8388607 objects, including 0 objects not considered by GC, pre-allocating 0 bytes for permanent pool.
LogInit: Object subsystem initialized
[2018.11.27-16.49.37:818][  0]LogInit: Selected Device Profile: [Windows]
[2018.11.27-16.49.37:818][  0]LogInit: Applying CVar settings loaded from the selected device profile: [Windows]
[2018.11.27-16.49.37:834][  0]LogInit: Computer: IPE-VR-G752VS
[2018.11.27-16.49.37:834][  0]LogInit: User: PDV
[2018.11.27-16.49.37:834][  0]LogInit: CPU Page size=65536, Cores=4
[2018.11.27-16.49.37:834][  0]LogInit: High frequency timer resolution =2.531252 MHz
[2018.11.27-16.49.37:834][  0]LogMemory: Memory total: Physical=15.9GB (16GB approx)
[2018.11.27-16.49.37:834][  0]LogMemory: Platform Memory Stats for Windows
[2018.11.27-16.49.37:834][  0]LogMemory: Process Physical Memory: 259.04 MB used, 259.04 MB peak
[2018.11.27-16.49.37:834][  0]LogMemory: Process Virtual Memory: 259.81 MB used, 259.81 MB peak
[2018.11.27-16.49.37:834][  0]LogMemory: Physical Memory: 7857.24 MB used, 16319.74 MB total
[2018.11.27-16.49.37:834][  0]LogMemory: Virtual Memory: 657.76 MB used, 134217728.00 MB total
[2018.11.27-16.49.38:547][  0]LogTextLocalizationManager: No translations for ('de-DE') exist, falling back to 'en' for localization and internationalization data.
[2018.11.27-16.49.39:351][  0]LogD3D11RHI: D3D11 adapters:
[2018.11.27-16.49.39:409][  0]LogD3D11RHI:    0. 'NVIDIA GeForce GTX 1070' (Feature Level 11_0)
[2018.11.27-16.49.39:409][  0]LogD3D11RHI:       8089/0/8159 MB DedicatedVideo/DedicatedSystem/SharedSystem, Outputs:2, VendorId:0x10de
[2018.11.27-16.49.39:413][  0]LogD3D11RHI:    1. 'Microsoft Basic Render Driver' (Feature Level 11_0)
[2018.11.27-16.49.39:413][  0]LogD3D11RHI:       0/0/8159 MB DedicatedVideo/DedicatedSystem/SharedSystem, Outputs:0, VendorId:0x1414
[2018.11.27-16.49.39:413][  0]LogD3D11RHI: Chosen D3D11 Adapter: 0
[2018.11.27-16.49.39:424][  0]LogD3D11RHI: Creating new Direct3DDevice
[2018.11.27-16.49.39:424][  0]LogD3D11RHI:     GPU DeviceId: 0x1be1 (for the marketing name, search the web for "GPU Device Id")
[2018.11.27-16.49.39:424][  0]LogWindows: EnumDisplayDevices:
[2018.11.27-16.49.39:424][  0]LogWindows:    0. 'NVIDIA GeForce GTX 1070' (P:1 D:1)
[2018.11.27-16.49.39:424][  0]LogWindows:    1. 'NVIDIA GeForce GTX 1070' (P:0 D:1)
[2018.11.27-16.49.39:424][  0]LogWindows:    2. 'NVIDIA GeForce GTX 1070' (P:0 D:0)
[2018.11.27-16.49.39:425][  0]LogWindows:    3. 'NVIDIA GeForce GTX 1070' (P:0 D:0)
[2018.11.27-16.49.39:425][  0]LogWindows: DebugString: GetVideoDriverDetailsInvalid PrimaryIsNotTheChoosenAdapter GetVideoDriverDetailsInvalid PrimaryIsNotTheChoosenAdapter GetVideoDriverDetailsInvalid PrimaryIsNotTheChoosenAdapter GetVideoDriverDetailsInvalid PrimaryIsNotTheChoosenAdapter FoundDriverCount:0 
[2018.11.27-16.49.39:425][  0]LogD3D11RHI:     Adapter Name: NVIDIA GeForce GTX 1070
[2018.11.27-16.49.39:425][  0]LogD3D11RHI:   Driver Version: Unknown (internal:Unknown, unified:Unknown)
[2018.11.27-16.49.39:425][  0]LogD3D11RHI:      Driver Date: Unknown
[2018.11.27-16.49.39:425][  0]LogRHI: Texture pool is 1361 MB (70% of 1945 MB)
[2018.11.27-16.49.39:459][  0]LogD3D11RHI: Async texture creation enabled
[2018.11.27-16.49.39:493][  0]LogD3D11RHI: GPU Timing Frequency: 1000.000000 (Debug: 2 1)
[2018.11.27-16.49.39:494][  0]LogShaderCompilers: Guid format shader working directory is 16 characters bigger than the processId version (D:/UnrealProjects/vrWTrigo8/Intermediate/Shaders/WorkingDirectory/12216/).
[2018.11.27-16.49.39:494][  0]LogShaderCompilers: Cleaned the shader compiler working directory 'C:/Users/PDV/AppData/Local/Temp/UnrealShaderWorkingDir/CE53B0B641BFEEBAF20EF48EE2B7F4E8/'.
[2018.11.27-16.49.39:494][  0]LogShaderCompilers:Display: Using Local Shader Compiler.
[2018.11.27-16.49.40:697][  0]LogTemp:Display: Loaded TP AllDesktopTargetPlatform
[2018.11.27-16.49.40:706][  0]LogTemp:Display: Loaded TP WindowsClientTargetPlatform
[2018.11.27-16.49.40:720][  0]LogTemp:Display: Loaded TP WindowsNoEditorTargetPlatform
[2018.11.27-16.49.40:733][  0]LogTemp:Display: Loaded TP WindowsServerTargetPlatform
[2018.11.27-16.49.40:742][  0]LogTemp:Display: Loaded TP WindowsTargetPlatform
[2018.11.27-16.49.40:751][  0]LogTemp:Display: Loaded TP AndroidTargetPlatform
[2018.11.27-16.49.40:759][  0]LogTemp:Display: Loaded TP Android_ASTCTargetPlatform
[2018.11.27-16.49.40:768][  0]LogTemp:Display: Loaded TP Android_ATCTargetPlatform
[2018.11.27-16.49.40:778][  0]LogTemp:Display: Loaded TP Android_DXTTargetPlatform
[2018.11.27-16.49.40:785][  0]LogTemp:Display: Loaded TP Android_ETC1TargetPlatform
[2018.11.27-16.49.40:793][  0]LogTemp:Display: Loaded TP Android_ETC2TargetPlatform
[2018.11.27-16.49.40:809][  0]LogTemp:Display: Loaded TP Android_MultiTargetPlatform
[2018.11.27-16.49.40:809][  0]LogTemp:Display: Loaded TP Android_PVRTCTargetPlatform
[2018.11.27-16.49.40:811][  0]LogTemp:Display: Loaded TP HTML5TargetPlatform
[2018.11.27-16.49.40:837][  0]LogTemp:Display: Loaded TP IOSTargetPlatform
[2018.11.27-16.49.40:846][  0]LogTemp:Display: Loaded TP TVOSTargetPlatform
[2018.11.27-16.49.40:853][  0]LogTemp:Display: Loaded TP LinuxClientTargetPlatform
[2018.11.27-16.49.40:860][  0]LogTemp:Display: Loaded TP LinuxNoEditorTargetPlatform
[2018.11.27-16.49.40:870][  0]LogTemp:Display: Loaded TP LinuxServerTargetPlatform
[2018.11.27-16.49.40:880][  0]LogTemp:Display: Loaded TP LinuxTargetPlatform
[2018.11.27-16.49.40:880][  0]LogTargetPlatformManager:Display: Building Assets For Windows
[2018.11.27-16.49.40:979][  0]LogDerivedDataCache:Display: Max Cache Size: 512 MB
[2018.11.27-16.49.41:090][  0]LogDerivedDataCache: Loaded boot cache 0.11s 101MB C:/Users/PDV/AppData/Local/UnrealEngine/4.13/DerivedDataCache/Boot.ddc.
[2018.11.27-16.49.41:090][  0]LogDerivedDataCache:Display: Loaded Boot cache: C:/Users/PDV/AppData/Local/UnrealEngine/4.13/DerivedDataCache/Boot.ddc
[2018.11.27-16.49.41:091][  0]LogDerivedDataCache: FDerivedDataBackendGraph:  Pak pak cache file D:/UnrealProjects/vrWTrigo8/DerivedDataCache/DDC.ddp not found, will not use a pak cache.
[2018.11.27-16.49.41:091][  0]LogDerivedDataCache: Unable to find inner node Pak for hierarchical cache Hierarchy.
[2018.11.27-16.49.41:091][  0]LogDerivedDataCache: FDerivedDataBackendGraph:  CompressedPak pak cache file D:/UnrealProjects/vrWTrigo8/DerivedDataCache/Compressed.ddp not found, will not use a pak cache.
[2018.11.27-16.49.41:091][  0]LogDerivedDataCache: Unable to find inner node CompressedPak for hierarchical cache Hierarchy.
[2018.11.27-16.49.41:109][  0]LogDerivedDataCache:Display: Pak cache opened for reading ../../../Engine/DerivedDataCache/Compressed.ddp.
[2018.11.27-16.49.41:122][  0]LogDerivedDataCache: Using Local data cache path C:/Users/PDV/AppData/Local/UnrealEngine/Common/DerivedDataCache: Writable
[2018.11.27-16.49.41:386][  0]LogInit: Selected Device Profile: [Windows]
[2018.11.27-16.49.41:390][  0]LogContentStreaming: Texture pool size is 0.00 MB
[2018.11.27-16.49.41:514][  0]LogMeshUtilities: No automatic mesh reduction module available
[2018.11.27-16.49.41:514][  0]LogMeshUtilities: No automatic mesh merging module available
[2018.11.27-16.49.41:515][  0]LogMeshUtilities: No distributed automatic mesh merging module available
[2018.11.27-16.49.41:601][  0]LogMaterial: Uniform references updated for custom material expression Custom.
[2018.11.27-16.49.42:004][  0]LogNetVersion: GetLocalNetworkVersion: CL: 3106830, ProjectName: vrwtrigo8, ProjectVersion: , EngineNetworkVersion: 1, GameNetworkVersion: 0, NetworkChecksum: 527288755
[2018.11.27-16.49.42:048][  0]LogAssetRegistry: FAssetRegistry took 0.0212 seconds to start up
[2018.11.27-16.49.42:116][  0]LogPackageLocalizationCache: Processed 3 localized package path(s) for 1 prioritized culture(s) in 0.064695 seconds
[2018.11.27-16.49.42:123][  0]LogUObjectArray: 29778 objects as part of root set at end of initial load.
[2018.11.27-16.49.42:123][  0]LogUObjectAllocator: 6125456 out of 0 bytes used by permanent object pool.
[2018.11.27-16.49.42:123][  0]LogUObjectArray: CloseDisregardForGC: 0/0 objects in disregard for GC pool
[2018.11.27-16.49.42:131][  0]LogInit: WinSock: version 1.1 (2.2), MaxSocks=32767, MaxUdp=65467
[2018.11.27-16.49.42:410][  0]LogSlate: SlateFontCache - WITH_FREETYPE: 1, WITH_HARFBUZZ: 1
[2018.11.27-16.49.42:410][  0]LogSlate: SlateFontCache - WITH_FREETYPE: 1, WITH_HARFBUZZ: 1
[2018.11.27-16.49.43:423][  0]LogTcpMessaging: Initializing TcpMessaging bridge
[2018.11.27-16.49.43:447][  0]LogUdpMessaging: Initializing bridge on interface 0.0.0.0:0 to multicast group 230.0.0.1:6666.
[2018.11.27-16.49.43:798][  0]SourceControl: Info Source control is disabled
[2018.11.27-16.49.43:800][  0]SourceControl: Info Source control is disabled
[2018.11.27-16.49.43:814][  0]SourceControl: Info Source control is disabled
[2018.11.27-16.49.43:827][  0]SourceControl: Info Source control is disabled
[2018.11.27-16.49.44:269][  0]LogEngine: Initializing Engine...
[2018.11.27-16.49.45:678][  0]LogHMD: SteamVR initialized.  Driver: lighthouse  Display: LHR-93B68B81
[2018.11.27-16.49.45:871][  0]LogAIModule: Creating AISystem for world Untitled
[2018.11.27-16.49.45:924][  0]LogInit: XAudio2 using 'Speakers (Realtek High Definition Audio)' : 8 channels at 48 kHz using 32 bits per sample (channel mask 0x63f)
[2018.11.27-16.49.46:060][  0]LogInit: FAudioDevice initialized.
[2018.11.27-16.49.46:139][  0]LogDerivedDataCache: Saved boot cache 0.08s 101MB C:/Users/PDV/AppData/Local/UnrealEngine/4.13/DerivedDataCache/Boot.ddc.
[2018.11.27-16.49.46:162][  0]LogInit: Texture streaming: Enabled
[2018.11.27-16.49.46:206][  0]LogInit: Transaction tracking system initialized
[2018.11.27-16.49.46:236][  0]BlueprintLog: New page: Editor Load
[2018.11.27-16.49.46:335][  0]LocalizationService: Info Localization service is disabled
[2018.11.27-16.49.46:825][  0]LogConsoleResponse:Display: 
[2018.11.27-16.49.46:887][  0]LogMaterial: Missing cached shader map for material Cross_Mat, compiling. 
[2018.11.27-16.49.46:923][  0]LogMaterial: Missing cached shader map for material PhAT_BoneSelectedMaterial, compiling. 
[2018.11.27-16.49.46:940][  0]LogMaterial: Missing cached shader map for material PhAT_ElemSelectedMaterial, compiling. 
[2018.11.27-16.49.46:955][  0]LogMaterial: Missing cached shader map for material PhAT_NoCollisionMaterial, compiling. 
[2018.11.27-16.49.46:968][  0]LogMaterial: Missing cached shader map for material PhAT_UnselectedMaterial, compiling. 
[2018.11.27-16.49.46:984][  0]LogMaterial: Missing cached shader map for material Tick_Mat, compiling. 
[2018.11.27-16.49.47:006][  0]LogMaterial: Missing cached shader map for material WidgetGridVertexColorMaterial_Ma, compiling. 
[2018.11.27-16.49.47:021][  0]LogMaterial: Missing cached shader map for material WidgetMaterial, compiling. 
[2018.11.27-16.49.47:036][  0]LogMaterial: Missing cached shader map for material WidgetMaterial_Current, compiling. 
[2018.11.27-16.49.47:051][  0]LogMaterial: Missing cached shader map for material WidgetMaterial_X, compiling. 
[2018.11.27-16.49.47:065][  0]LogMaterial: Missing cached shader map for material WidgetMaterial_Y, compiling. 
[2018.11.27-16.49.47:080][  0]LogMaterial: Missing cached shader map for material WidgetMaterial_Z, compiling. 
[2018.11.27-16.49.47:095][  0]LogMaterial: Missing cached shader map for material WidgetVertexColorMaterial, compiling. 
[2018.11.27-16.49.47:138][  0]LogMaterial: Missing cached shader map for material LevelGridMaterial, compiling. 
[2018.11.27-16.49.47:179][  0]LogMaterial: Missing cached shader map for material BlinkingCaret, compiling. 
[2018.11.27-16.49.47:211][  0]LogMaterial: Missing cached shader map for material M_StreamingPause, compiling. 
[2018.11.27-16.49.47:244][  0]LogCook:Display: Max memory allowance for cook 16384mb min free memory 0mb
[2018.11.27-16.49.47:244][  0]LogCook:Display: Mobile HDR setting 0
[2018.11.27-16.49.47:543][  0]LogFileCache: Scanning file cache for directory 'D:/UnrealProjects/vrWTrigo8/Content/' took 0.02s
[2018.11.27-16.49.47:543][  0]SourceControl: Info Source control is disabled
[2018.11.27-16.49.47:543][  0]Cmd: MAP LOAD FILE="D:/UnrealProjects/vrWTrigo8/Content/VirtualRealityBP/Maps/MotionControllerMap.umap" TEMPLATE=0 SHOWPROGRESS=1 FEATURELEVEL=3
[2018.11.27-16.49.47:589][  0]LightingResults: New page: Lighting Build
[2018.11.27-16.49.47:593][  0]MapCheck: New page: Map Check
[2018.11.27-16.49.47:593][  0]LightingResults: New page: Lighting Build
[2018.11.27-16.49.54:774][  0]LogStaticMesh: Building static mesh fbxexporttest4-applyloc_Cube...
[2018.11.27-16.49.54:777][  0]LogStaticMesh: Built static mesh [0.00s] /Game/Geometry/test/fbxexporttest4-applyloc_Cube.fbxexporttest4-applyloc_Cube
[2018.11.27-16.49.54:777][  0]LogStaticMesh: Building static mesh fbxexporttest4-applyloc_Suzanne...
[2018.11.27-16.49.54:833][  0]LogStaticMesh: Built static mesh [0.06s] /Game/Geometry/test/fbxexporttest4-applyloc_Suzanne.fbxexporttest4-applyloc_Suzanne
[2018.11.27-16.49.54:836][  0]LogMaterial: Missing cached shader map for material blau, compiling. 
[2018.11.27-16.49.55:133][  0]LogMaterial: Missing cached shader map for material violett, compiling. 
[2018.11.27-16.49.55:167][  0]LogMaterial: Missing cached shader map for material gr_n, compiling. 
[2018.11.27-16.49.55:200][  0]LogMaterial: Missing cached shader map for material gelb, compiling. 
[2018.11.27-16.49.55:575][  0]LogMaterial: Missing cached shader map for material orange2, compiling. 
[2018.11.27-16.49.55:743][  0]LogMaterial: Missing cached shader map for material gr_n1, compiling. 
[2018.11.27-16.49.55:851][  0]LogMaterial: Missing cached shader map for material gelb1, compiling. 
[2018.11.27-16.49.55:898][  0]LogMaterial: Missing cached shader map for material rot1, compiling. 
[2018.11.27-16.49.56:208][  0]LogMaterial: Missing cached shader map for material orange1, compiling. 
[2018.11.27-16.49.56:342][  0]LogMaterial: Missing cached shader map for material violett1, compiling. 
[2018.11.27-16.49.56:388][  0]LogMaterial: Missing cached shader map for material rot, compiling. 
[2018.11.27-16.49.56:708][  0]LogMaterial: Missing cached shader map for material orange, compiling. 
[2018.11.27-16.49.56:855][  0]LogMaterial: Missing cached shader map for material violett1, compiling. 
[2018.11.27-16.49.56:879][  0]LogMaterial: Missing cached shader map for material violett, compiling. 
[2018.11.27-16.49.56:905][  0]LogMaterial: Missing cached shader map for material rot1, compiling. 
[2018.11.27-16.49.56:932][  0]LogMaterial: Missing cached shader map for material rot, compiling. 
[2018.11.27-16.49.56:960][  0]LogMaterial: Missing cached shader map for material orange2, compiling. 
[2018.11.27-16.49.56:987][  0]LogMaterial: Missing cached shader map for material orange1, compiling. 
[2018.11.27-16.49.57:013][  0]LogMaterial: Missing cached shader map for material orange, compiling. 
[2018.11.27-16.49.57:039][  0]LogMaterial: Missing cached shader map for material Mat, compiling. 
[2018.11.27-16.49.57:064][  0]LogMaterial: Missing cached shader map for material gr_n1, compiling. 
[2018.11.27-16.49.57:090][  0]LogMaterial: Missing cached shader map for material gr_n, compiling. 
[2018.11.27-16.49.57:116][  0]LogMaterial: Missing cached shader map for material gelb1, compiling. 
[2018.11.27-16.49.57:141][  0]LogMaterial: Missing cached shader map for material gelb, compiling. 
[2018.11.27-16.50.08:409][  0]LogMaterial: Missing cached shader map for material blau, compiling. 
[2018.11.27-16.50.08:506][  0]LogMaterial: Missing cached shader map for material BasicShapeMaterial, compiling. 
[2018.11.27-16.50.08:764][  0]LogMaterial: Missing cached shader map for material rot, compiling. 
[2018.11.27-16.50.08:789][  0]LogMaterial: Missing cached shader map for material orange, compiling. 
[2018.11.27-16.50.08:824][  0]LogMaterial: Missing cached shader map for material violett, compiling. 
[2018.11.27-16.50.08:853][  0]LogMaterial: Missing cached shader map for material gr_n, compiling. 
[2018.11.27-16.50.08:879][  0]LogMaterial: Missing cached shader map for material gelb, compiling. 
[2018.11.27-16.50.08:912][  0]LogMaterial: Missing cached shader map for material orange2, compiling. 
[2018.11.27-16.50.08:951][  0]LogMaterial: Missing cached shader map for material blau, compiling. 
[2018.11.27-16.50.09:476][  0]LogMaterial: Missing cached shader map for material gr_n1, compiling. 
[2018.11.27-16.50.09:501][  0]LogMaterial: Missing cached shader map for material gelb1, compiling. 
[2018.11.27-16.50.09:524][  0]LogMaterial: Missing cached shader map for material rot1, compiling. 
[2018.11.27-16.50.09:547][  0]LogMaterial: Missing cached shader map for material orange1, compiling. 
[2018.11.27-16.50.09:595][  0]LogMaterial: Missing cached shader map for material violett1, compiling. 
[2018.11.27-16.50.09:646][  0]LogTexture:Display: Building textures: UE4_Mannequin_MAT_MASKA (AutoDXT)
[2018.11.27-16.50.09:994][  0]LogTexture:Display: Building textures: UE4_Mannequin__normals (BC5)
[2018.11.27-16.50.12:296][  0]LogMaterial: Missing cached shader map for material Material, compiling. 
[2018.11.27-16.50.12:642][  0]LogMaterial: Missing cached shader map for material Material, compiling. 
[2018.11.27-16.50.12:913][  0]LogTexture:Display: Building textures: T_Wood_Oak_N (BC5)
[2018.11.27-16.50.13:765][  0]LogTexture:Display: Building textures: T_Wood_Oak_D (AutoDXT)
[2018.11.27-16.50.17:126][  0]LogTexture:Display: Building textures: T_MacroVariation (AutoDXT)
[2018.11.27-16.50.20:586][  0]LogMaterial: Missing cached shader map for material M_Wood_Oak, compiling. 
[2018.11.27-16.50.23:965][  0]LogAIModule: Creating AISystem for world MotionControllerMap
[2018.11.27-16.50.23:988][  0]LogTexture:Display: Building textures: EmptyActor (BGRA8)
[2018.11.27-16.50.24:164][  0]LogEditorServer: Finished looking for orphan Actors (0.001 secs)
[2018.11.27-16.50.24:207][  0]Cmd: MAP CHECKDEP NOCLEARLOG
[2018.11.27-16.50.24:381][  0]MapCheck: Info Map check complete: 0 Error(s), 0 Warning(s), took 173.582ms to complete.
[2018.11.27-16.50.24:381][  0]LogFileHelpers: Loading map 'MotionControllerMap' took 36.838
[2018.11.27-16.50.24:663][  0]LogCollectionManager: Loaded 0 collections in 0.002637 seconds
[2018.11.27-16.50.24:728][  0]LogFileCache: Scanning file cache for directory 'D:/UnrealProjects/vrWTrigo8/Saved/Collections/' took 0.01s
[2018.11.27-16.50.24:728][  0]LogFileCache: Scanning file cache for directory 'D:/UnrealProjects/vrWTrigo8/Content/Developers/PDV/Collections/' took 0.01s
[2018.11.27-16.50.24:728][  0]LogFileCache: Scanning file cache for directory 'D:/UnrealProjects/vrWTrigo8/Content/Collections/' took 0.01s
[2018.11.27-16.50.24:728][  0]LogCollectionManager: Rebuilt the GUID cache for 0 collections in 0.000004 seconds
[2018.11.27-16.50.24:744][  0]LogContentBrowser: Native class hierarchy populated in 0.0148 seconds. Added 2141 classes and 415 folders.
[2018.11.27-16.50.24:756][  0]LogStats: UGameplayTagsManager::ConstructGameplayTagTree: Construct from data asset -  0.000 s
[2018.11.27-16.50.24:756][  0]LogStats: UGameplayTagsManager::ConstructGameplayTagTree: GameplayTagTreeChangedEvent.Broadcast -  0.000 s
[2018.11.27-16.50.24:757][  0]LogContentBrowser: Native class hierarchy updated for 'GameplayTags' in 0.0008 seconds. Added 12 classes and 0 folders.
[2018.11.27-16.50.24:769][  0]LogContentBrowser: Native class hierarchy updated for 'WidgetCarousel' in 0.0006 seconds. Added 0 classes and 0 folders.
[2018.11.27-16.50.24:950][  0]LogContentBrowser: Native class hierarchy updated for 'AddContentDialog' in 0.0007 seconds. Added 0 classes and 0 folders.
[2018.11.27-16.50.24:967][  0]LogContentBrowser: Native class hierarchy updated for 'SceneOutliner' in 0.0007 seconds. Added 1 classes and 2 folders.
[2018.11.27-16.50.25:086][  0]LogCrashTracker: Crashtracker disabled due to settings.
[2018.11.27-16.50.25:112][  0]LogUObjectGlobals:Warning: Failed to find object 'Class None.'
[2018.11.27-16.50.25:151][  0]LogContentBrowser: Native class hierarchy updated for 'HierarchicalLODOutliner' in 0.0008 seconds. Added 1 classes and 2 folders.
[2018.11.27-16.50.25:152][  0]LogLoad: (Engine Initialization) Total time: 48.81 seconds
[2018.11.27-16.50.25:152][  0]LogLoad: (Engine Initialization) Total Blueprint compile time: 0.97 seconds
[2018.11.27-16.50.25:152][  0]LogExternalProfiler: No external profilers were discovered.  External profiling features will not be available.
[2018.11.27-16.50.25:165][  0]LogWindowsTextInputMethodSystem:Display: IME system now deactivated.
[2018.11.27-16.50.25:166][  0]LogOcInput: OculusInput pre-init called
[2018.11.27-16.50.25:224][  0]LogContentStreaming: Texture pool size now 1000 MB
[2018.11.27-16.50.25:272][  0]LogTexture:Display: Building textures: icon_tab_Levels_40x (BGRA8)
[2018.11.27-16.50.25:407][  0]LogTexture:Display: Building textures: LevelGrid1DStripes (BGRA8)
[2018.11.27-16.50.25:411][  0]LogMaterial: Missing cached shader map for material LevelGridMaterial2, compiling. 
[2018.11.27-16.50.25:572][  1]LogRenderer: Reallocating scene render targets to support 976x388 (Frame:2).
[2018.11.27-16.50.26:067][  3]LogAssetRegistry: Asset discovery search completed in 44.0399 seconds
[2018.11.27-16.50.26:067][  3]LogCollectionManager: Rebuilt the object cache for 0 collections in 0.000002 seconds (found 0 objects)
[2018.11.27-16.50.26:067][  3]LogCollectionManager: Fixed up redirectors for 0 collections in 0.000038 seconds (updated 0 objects)
[2018.11.27-16.50.37:654][809]LogBlueprintUserMessages: Early PlayInEditor Detection: Level '/Game/VirtualRealityBP/Maps/MotionControllerMap.MotionControllerMap:PersistentLevel' has LevelScriptBlueprint '/Game/VirtualRealityBP/Maps/MotionControllerMap.MotionControllerMap:PersistentLevel.MotionControllerMap' with GeneratedClass '/Game/VirtualRealityBP/Maps/MotionControllerMap.MotionControllerMap_C' with ClassGeneratedBy '/Game/VirtualRealityBP/Maps/MotionControllerMap.MotionControllerMap:PersistentLevel.MotionControllerMap'
[2018.11.27-16.50.37:655][809]LogPlayLevel: PlayLevel: No blueprints needed recompiling
[2018.11.27-16.50.37:664][809]PIE: New page: PIE session: MotionControllerMap (Nov 27, 2018, 6:50:37 PM)
[2018.11.27-16.50.37:664][809]LogPlayLevel: Creating play world package: /Game/VirtualRealityBP/Maps/UEDPIE_0_MotionControllerMap
[2018.11.27-16.50.37:706][809]LogPlayLevel: PIE: StaticDuplicateObject took: (0.041408s)
[2018.11.27-16.50.37:707][809]LogAIModule: Creating AISystem for world MotionControllerMap
[2018.11.27-16.50.37:707][809]LogPlayLevel: PIE: World Init took: (0.001687s)
[2018.11.27-16.50.37:708][809]LogPlayLevel: PIE: Created PIE world by copying editor world from /Game/VirtualRealityBP/Maps/MotionControllerMap.MotionControllerMap to /Game/VirtualRealityBP/Maps/UEDPIE_0_MotionControllerMap.MotionControllerMap (0.044224s)
[2018.11.27-16.50.37:848][809]LogInit: XAudio2 using 'Speakers (Realtek High Definition Audio)' : 8 channels at 48 kHz using 32 bits per sample (channel mask 0x63f)
[2018.11.27-16.50.38:017][809]LogInit: FAudioDevice initialized.
[2018.11.27-16.50.38:157][809]LogUObjectGlobals:Warning: Failed to find object 'Class None.'
[2018.11.27-16.50.38:158][809]LogWorld: Game class is 'GameMode'
[2018.11.27-16.50.38:181][809]LogWorld: Bringing World /Game/VirtualRealityBP/Maps/UEDPIE_0_MotionControllerMap.MotionControllerMap up for play (max tick rate 0) at 2018.11.27-17.50.38
[2018.11.27-16.50.38:187][809]LogWorld: Bringing up level for play took: 0.023495
[2018.11.27-16.50.38:199][809]LogContentBrowser: Native class hierarchy updated for 'MovieSceneCapture' in 0.0008 seconds. Added 11 classes and 0 folders.
[2018.11.27-16.50.38:200][809]LogGameMode:Display: Match State Changed from EnteringMap to WaitingToStart
[2018.11.27-16.50.38:200][809]LogGameState: Match State Changed from EnteringMap to WaitingToStart
[2018.11.27-16.50.38:200][809]LogGameMode:Display: Match State Changed from WaitingToStart to InProgress
[2018.11.27-16.50.38:213][809]LogBlueprintUserMessages: [aTrig00_2] aTrig00_2
[2018.11.27-16.50.38:214][809]LogBlueprintUserMessages: [aTrig00_2] 1BPCube2 center of mass
[2018.11.27-16.50.38:214][809]LogBlueprintUserMessages: [aTrig00_2] X=-310.008 Y=1489.992 Z=300.000
[2018.11.27-16.50.38:214][809]LogBlueprintUserMessages: [aTrig00_2] location
[2018.11.27-16.50.38:214][809]LogBlueprintUserMessages: [aTrig00_2] X=-310.000 Y=1490.000 Z=300.000
[2018.11.27-16.50.38:215][809]LogBlueprintUserMessages: [BP_BlowupCenter_2] foreach-FOUND:
[2018.11.27-16.50.38:215][809]LogBlueprintUserMessages: [BP_BlowupCenter_2] BP_BlowupCenter_2.StaticMeshComponent0 1M_Cube
[2018.11.27-16.50.38:215][809]LogBlueprintUserMessages: [BP_BlowupCenter_2] 0
[2018.11.27-16.50.38:217][809]LogUnrealMath:Error: FMatrix::InverseFast(), trying to invert a NIL matrix, this results in NaNs! Use Inverse() instead.
[2018.11.27-16.50.38:217][809]LogOutputDevice:Warning: 

Script Stack:
BP_MotionController_C.SetupRoomScaleOutline
BP_MotionController_C.ExecuteUbergraph_BP_MotionController
BP_MotionController_C.ReceiveBeginPlay

[2018.11.27-16.50.38:244][809]LogStats: FPlatformStackWalk::StackWalkAndDump -  0.025 s
[2018.11.27-16.50.38:244][809]LogOutputDevice:Error: === Handled ensure: ===
[2018.11.27-16.50.38:244][809]LogOutputDevice:Error: 
[2018.11.27-16.50.38:244][809]LogOutputDevice:Error: Ensure condition failed: false [File:d:\build\++ue4+release-4.13+compile\sync\engine\source\runtime\core\public\math\UnrealMatrix.h] [Line: 266]
[2018.11.27-16.50.38:244][809]LogOutputDevice:Error: FMatrix::InverseFast(), trying to invert a NIL matrix, this results in NaNs! Use Inverse() instead.
[2018.11.27-16.50.38:244][809]LogOutputDevice:Error: Stack: 
[2018.11.27-16.50.38:244][809]LogOutputDevice:Error: UE4Editor-Core.dll
[2018.11.27-16.50.38:244][809]LogOutputDevice:Error: UE4Editor-Core.dll
[2018.11.27-16.50.38:244][809]LogOutputDevice:Error: UE4Editor-Core.dll
[2018.11.27-16.50.38:244][809]LogOutputDevice:Error: UE4Editor-Engine.dll
[2018.11.27-16.50.38:244][809]LogOutputDevice:Error: UE4Editor-Engine.dll
[2018.11.27-16.50.38:244][809]LogOutputDevice:Error: UE4Editor-Engine.dll
[2018.11.27-16.50.38:244][809]LogOutputDevice:Error: UE4Editor-CoreUObject.dll
[2018.11.27-16.50.38:244][809]LogOutputDevice:Error: UE4Editor-CoreUObject.dll
[2018.11.27-16.50.38:244][809]LogOutputDevice:Error: UE4Editor-CoreUObject.dll
[2018.11.27-16.50.38:244][809]LogOutputDevice:Error: UE4Editor-CoreUObject.dll
[2018.11.27-16.50.38:244][809]LogOutputDevice:Error: UE4Editor-CoreUObject.dll
[2018.11.27-16.50.38:244][809]LogOutputDevice:Error: UE4Editor-CoreUObject.dll
[2018.11.27-16.50.38:244][809]LogOutputDevice:Error: UE4Editor-CoreUObject.dll
[2018.11.27-16.50.38:244][809]LogOutputDevice:Error: UE4Editor-CoreUObject.dll
[2018.11.27-16.50.38:244][809]LogOutputDevice:Error: UE4Editor-CoreUObject.dll
[2018.11.27-16.50.38:244][809]LogOutputDevice:Error: UE4Editor-CoreUObject.dll
[2018.11.27-16.50.38:244][809]LogOutputDevice:Error: UE4Editor-Engine.dll
[2018.11.27-16.50.38:244][809]LogOutputDevice:Error: UE4Editor-Engine.dll
[2018.11.27-16.50.38:244][809]LogOutputDevice:Error: UE4Editor-Engine.dll
[2018.11.27-16.50.38:244][809]LogOutputDevice:Error: UE4Editor-Engine.dll
[2018.11.27-16.50.38:244][809]LogOutputDevice:Error: UE4Editor-Engine.dll
[2018.11.27-16.50.38:244][809]LogOutputDevice:Error: UE4Editor-Engine.dll
[2018.11.27-16.50.38:244][809]LogOutputDevice:Error: UE4Editor-Engine.dll
[2018.11.27-16.50.38:244][809]LogOutputDevice:Error: UE4Editor-Engine.dll
[2018.11.27-16.50.38:244][809]LogOutputDevice:Error: UE4Editor-UnrealEd.dll
[2018.11.27-16.50.38:244][809]LogOutputDevice:Error: UE4Editor-UnrealEd.dll
[2018.11.27-16.50.38:244][809]LogOutputDevice:Error: UE4Editor-UnrealEd.dll
[2018.11.27-16.50.38:244][809]LogOutputDevice:Error: UE4Editor-UnrealEd.dll
[2018.11.27-16.50.38:244][809]LogOutputDevice:Error: UE4Editor-UnrealEd.dll
[2018.11.27-16.50.38:244][809]LogOutputDevice:Error: UE4Editor.exe
[2018.11.27-16.50.38:244][809]LogOutputDevice:Error: UE4Editor.exe
[2018.11.27-16.50.38:244][809]LogOutputDevice:Error: UE4Editor.exe
[2018.11.27-16.50.38:244][809]LogOutputDevice:Error: UE4Editor.exe
[2018.11.27-16.50.38:244][809]LogOutputDevice:Error: UE4Editor.exe
[2018.11.27-16.50.38:244][809]LogOutputDevice:Error: KERNEL32.DLL
[2018.11.27-16.50.38:244][809]LogOutputDevice:Error: ntdll.dll
[2018.11.27-16.50.38:244][809]LogOutputDevice:Error: ntdll.dll
[2018.11.27-16.50.38:244][809]LogOutputDevice:Error: 
[2018.11.27-16.50.38:244][809]LogStats:                SubmitErrorReport -  0.000 s
[2018.11.27-16.50.39:508][809]LogStats:                    SendNewReport -  1.265 s
[2018.11.27-16.50.39:509][809]LogStats:             FDebug::EnsureFailed -  1.291 s
[2018.11.27-16.50.39:509][809]LogUnrealMath:Error: FMatrix::InverseFast(), trying to invert a NIL matrix, this results in NaNs! Use Inverse() instead.
[2018.11.27-16.50.39:509][809]LogUnrealMath:Error: FMatrix::InverseFast(), trying to invert a NIL matrix, this results in NaNs! Use Inverse() instead.
[2018.11.27-16.50.39:509][809]LogUnrealMath:Error: FMatrix::InverseFast(), trying to invert a NIL matrix, this results in NaNs! Use Inverse() instead.
[2018.11.27-16.50.39:509][809]LogBlueprint:Warning: SetRelativeScale3D : Invalid Scale entered (X=0.000 Y=-nan(ind) Z=70.000). Resetting to 1.f.
[2018.11.27-16.50.39:510][809]LogUnrealMath:Error: FMatrix::InverseFast(), trying to invert a NIL matrix, this results in NaNs! Use Inverse() instead.
[2018.11.27-16.50.39:510][809]LogUnrealMath:Error: FMatrix::InverseFast(), trying to invert a NIL matrix, this results in NaNs! Use Inverse() instead.
[2018.11.27-16.50.39:510][809]LogUnrealMath:Error: FMatrix::InverseFast(), trying to invert a NIL matrix, this results in NaNs! Use Inverse() instead.
[2018.11.27-16.50.39:510][809]LogUnrealMath:Error: FMatrix::InverseFast(), trying to invert a NIL matrix, this results in NaNs! Use Inverse() instead.
[2018.11.27-16.50.39:510][809]LogBlueprint:Warning: SetRelativeScale3D : Invalid Scale entered (X=0.000 Y=-nan(ind) Z=70.000). Resetting to 1.f.
[2018.11.27-16.50.39:510][809]LogGameState: Match State Changed from WaitingToStart to InProgress
[2018.11.27-16.50.39:525][809]PIE: Info Play in editor start time for /Game/VirtualRealityBP/Maps/UEDPIE_0_MotionControllerMap 2.692
[2018.11.27-16.50.39:526][809]LogBlueprintUserMessages: Late PlayInEditor Detection: Level '/Game/VirtualRealityBP/Maps/MotionControllerMap.MotionControllerMap:PersistentLevel' has LevelScriptBlueprint '/Game/VirtualRealityBP/Maps/MotionControllerMap.MotionControllerMap:PersistentLevel.MotionControllerMap' with GeneratedClass '/Game/VirtualRealityBP/Maps/MotionControllerMap.MotionControllerMap_C' with ClassGeneratedBy '/Game/VirtualRealityBP/Maps/MotionControllerMap.MotionControllerMap:PersistentLevel.MotionControllerMap'
[2018.11.27-16.50.39:581][810]LogRenderer: Reallocating scene render targets to support 3424x1904 (Frame:826).
[2018.11.27-16.51.35:748][763]LogBlueprintUserMessages: Early EndPlayMap Detection: Level '/Game/VirtualRealityBP/Maps/MotionControllerMap.MotionControllerMap:PersistentLevel' has LevelScriptBlueprint '/Game/VirtualRealityBP/Maps/MotionControllerMap.MotionControllerMap:PersistentLevel.MotionControllerMap' with GeneratedClass '/Game/VirtualRealityBP/Maps/MotionControllerMap.MotionControllerMap_C' with ClassGeneratedBy '/Game/VirtualRealityBP/Maps/MotionControllerMap.MotionControllerMap:PersistentLevel.MotionControllerMap'
[2018.11.27-16.51.35:948][763]LogBlueprintUserMessages: Late EndPlayMap Detection: Level '/Game/VirtualRealityBP/Maps/MotionControllerMap.MotionControllerMap:PersistentLevel' has LevelScriptBlueprint '/Game/VirtualRealityBP/Maps/MotionControllerMap.MotionControllerMap:PersistentLevel.MotionControllerMap' with GeneratedClass '/Game/VirtualRealityBP/Maps/MotionControllerMap.MotionControllerMap_C' with ClassGeneratedBy '/Game/VirtualRealityBP/Maps/MotionControllerMap.MotionControllerMap:PersistentLevel.MotionControllerMap'
[2018.11.27-16.53.00:571][ 39]LogWindowsTextInputMethodSystem:Display: IME system now deactivated.
[2018.11.27-16.53.00:789][ 40]Cmd: QUIT_EDITOR
[2018.11.27-16.53.01:397][ 40]LogExit: Preparing to exit.
[2018.11.27-16.53.02:492][ 40]LogExit: Editor shut down
[2018.11.27-16.53.02:493][ 40]LogExit: Transaction tracking system shut down
[2018.11.27-16.53.02:858][ 40]LogObj: Freed 0b from 0 cluster array pools.
[2018.11.27-16.53.02:858][ 40]LogExit: Object subsystem successfully closed.
[2018.11.27-16.53.02:916][ 40]LogD3D11RHI: Shutdown
[2018.11.27-16.53.02:916][ 40]LogD3D11RHI: CleanupD3DDevice
[2018.11.27-16.53.02:920][ 40]LogD3D11RHI: ~FD3D11DynamicRHI
[2018.11.27-16.53.02:964][ 40]LogModuleManager: Shutting down and abandoning module MovieSceneCapture (234)
[2018.11.27-16.53.02:964][ 40]LogModuleManager: Shutting down and abandoning module HierarchicalLODOutliner (233)
[2018.11.27-16.53.02:964][ 40]LogModuleManager: Shutting down and abandoning module CrashTracker (232)
[2018.11.27-16.53.02:964][ 40]LogModuleManager: Shutting down and abandoning module SceneOutliner (231)
[2018.11.27-16.53.02:964][ 40]LogModuleManager: Shutting down and abandoning module WidgetCarousel (230)
[2018.11.27-16.53.02:964][ 40]LogModuleManager: Shutting down and abandoning module AddContentDialog (229)
[2018.11.27-16.53.02:965][ 40]LogDirectoryWatcher: A directory notification for 'C:/Program Files/Epic Games/UE_4.13/FeaturePacks/' was aborted.
[2018.11.27-16.53.02:967][ 40]LogModuleManager: Shutting down and abandoning module GameplayTags (228)
[2018.11.27-16.53.02:967][ 40]LogModuleManager: Shutting down and abandoning module EditorWidgets (227)
[2018.11.27-16.53.02:967][ 40]LogModuleManager: Shutting down and abandoning module CollectionManager (226)
[2018.11.27-16.53.02:967][ 40]LogDirectoryWatcher: A directory notification for 'D:/UnrealProjects/vrWTrigo8/Content/Collections/' was aborted.
[2018.11.27-16.53.02:967][ 40]LogDirectoryWatcher: A directory notification for 'D:/UnrealProjects/vrWTrigo8/Content/Developers/PDV/Collections/' was aborted.
[2018.11.27-16.53.02:967][ 40]LogDirectoryWatcher: A directory notification for 'D:/UnrealProjects/vrWTrigo8/Saved/Collections/' was aborted.
[2018.11.27-16.53.02:968][ 40]LogModuleManager: Shutting down and abandoning module StatsViewer (225)
[2018.11.27-16.53.02:968][ 40]LogModuleManager: Shutting down and abandoning module FoliageEdit (224)
[2018.11.27-16.53.02:968][ 40]LogModuleManager: Shutting down and abandoning module LandscapeEditor (223)
[2018.11.27-16.53.02:969][ 40]LogModuleManager: Shutting down and abandoning module SceneDepthPickerMode (222)
[2018.11.27-16.53.02:969][ 40]LogModuleManager: Shutting down and abandoning module ActorPickerMode (221)
[2018.11.27-16.53.02:969][ 40]LogModuleManager: Shutting down and abandoning module GeometryMode (220)
[2018.11.27-16.53.02:969][ 40]LogModuleManager: Shutting down and abandoning module TextureAlignMode (219)
[2018.11.27-16.53.02:969][ 40]LogModuleManager: Shutting down and abandoning module BspMode (218)
[2018.11.27-16.53.02:970][ 40]LogModuleManager: Shutting down and abandoning module HardwareSurvey (217)
[2018.11.27-16.53.02:970][ 40]LogModuleManager: Shutting down and abandoning module SequenceRecorderSections (216)
[2018.11.27-16.53.02:970][ 40]LogModuleManager: Shutting down and abandoning module SequenceRecorder (215)
[2018.11.27-16.53.02:970][ 40]LogModuleManager: Shutting down and abandoning module AutomationWorker (214)
[2018.11.27-16.53.02:971][ 40]LogModuleManager: Shutting down and abandoning module MatineeToLevelSequence (213)
[2018.11.27-16.53.02:971][ 40]LogModuleManager: Shutting down and abandoning module PlacementMode (212)
[2018.11.27-16.53.02:971][ 40]LogModuleManager: Shutting down and abandoning module LevelSequenceEditor (211)
[2018.11.27-16.53.02:972][ 40]LogModuleManager: Shutting down and abandoning module WmfMediaFactory (210)
[2018.11.27-16.53.02:972][ 40]LogModuleManager: Shutting down and abandoning module WmfMediaEditor (209)
[2018.11.27-16.53.02:973][ 40]LogModuleManager: Shutting down and abandoning module AvfMediaFactory (208)
[2018.11.27-16.53.02:973][ 40]LogModuleManager: Shutting down and abandoning module AvfMediaEditor (207)
[2018.11.27-16.53.02:973][ 40]LogModuleManager: Shutting down and abandoning module Media (206)
[2018.11.27-16.53.02:973][ 40]LogModuleManager: Shutting down and abandoning module AndroidMediaFactory (205)
[2018.11.27-16.53.02:973][ 40]LogModuleManager: Shutting down and abandoning module AndroidMediaEditor (204)
[2018.11.27-16.53.02:973][ 40]LogModuleManager: Shutting down and abandoning module CharacterAI (203)
[2018.11.27-16.53.02:973][ 40]LogModuleManager: Shutting down and abandoning module SmartSnapping (202)
[2018.11.27-16.53.02:973][ 40]LogModuleManager: Shutting down and abandoning module SessionServices (201)
[2018.11.27-16.53.02:973][ 40]LogModuleManager: Shutting down and abandoning module ViewportSnapping (200)
[2018.11.27-16.53.02:973][ 40]LogModuleManager: Shutting down and abandoning module ViewportInteraction (199)
[2018.11.27-16.53.02:973][ 40]LogModuleManager: Shutting down and abandoning module LogVisualizer (198)
[2018.11.27-16.53.02:973][ 40]LogModuleManager: Shutting down and abandoning module GameProjectGeneration (197)
[2018.11.27-16.53.02:974][ 40]LogModuleManager: Shutting down and abandoning module IntroTutorials (196)
[2018.11.27-16.53.02:975][ 40]LogModuleManager: Shutting down and abandoning module EditorLiveStreaming (195)
[2018.11.27-16.53.02:975][ 40]LogModuleManager: Shutting down and abandoning module IOSPlatformEditor (194)
[2018.11.27-16.53.02:975][ 40]LogModuleManager: Shutting down and abandoning module HTML5PlatformEditor (193)
[2018.11.27-16.53.02:975][ 40]LogModuleManager: Shutting down and abandoning module AndroidDeviceDetection (192)
[2018.11.27-16.53.03:281][ 40]LogModuleManager: Shutting down and abandoning module AndroidPlatformEditor (191)
[2018.11.27-16.53.03:281][ 40]LogModuleManager: Shutting down and abandoning module IOSRuntimeSettings (190)
[2018.11.27-16.53.03:281][ 40]LogModuleManager: Shutting down and abandoning module AndroidRuntimeSettings (189)
[2018.11.27-16.53.03:281][ 40]LogModuleManager: Shutting down and abandoning module NiagaraEditor (188)
[2018.11.27-16.53.03:282][ 40]LogModuleManager: Shutting down and abandoning module MergeActors (187)
[2018.11.27-16.53.03:282][ 40]LogModuleManager: Shutting down and abandoning module SizeMap (186)
[2018.11.27-16.53.03:283][ 40]LogModuleManager: Shutting down and abandoning module TreeMap (185)
[2018.11.27-16.53.03:283][ 40]LogModuleManager: Shutting down and abandoning module ReferenceViewer (184)
[2018.11.27-16.53.03:284][ 40]LogModuleManager: Shutting down and abandoning module LocalizationService (183)
[2018.11.27-16.53.03:284][ 40]LogModuleManager: Shutting down and abandoning module LocalizationDashboard (182)
[2018.11.27-16.53.03:285][ 40]LogModuleManager: Shutting down and abandoning module HardwareTargeting (181)
[2018.11.27-16.53.03:285][ 40]LogModuleManager: Shutting down and abandoning module DeviceProfileEditor (180)
[2018.11.27-16.53.03:286][ 40]LogModuleManager: Shutting down and abandoning module UndoHistory (179)
[2018.11.27-16.53.03:286][ 40]LogModuleManager: Shutting down and abandoning module UserFeedback (178)
[2018.11.27-16.53.03:286][ 40]LogModuleManager: Shutting down and abandoning module XmlParser (177)
[2018.11.27-16.53.03:286][ 40]LogModuleManager: Shutting down and abandoning module Blutility (176)
[2018.11.27-16.53.03:287][ 40]LogModuleManager: Shutting down and abandoning module ProjectTargetPlatformEditor (175)
[2018.11.27-16.53.03:287][ 40]LogModuleManager: Shutting down and abandoning module ProjectSettingsViewer (174)
[2018.11.27-16.53.03:287][ 40]LogModuleManager: Shutting down and abandoning module InputBindingEditor (173)
[2018.11.27-16.53.03:288][ 40]LogModuleManager: Shutting down and abandoning module EditorSettingsViewer (172)
[2018.11.27-16.53.03:288][ 40]LogModuleManager: Shutting down and abandoning module SettingsEditor (171)
[2018.11.27-16.53.03:289][ 40]LogModuleManager: Shutting down and abandoning module ProjectLauncher (170)
[2018.11.27-16.53.03:290][ 40]LogModuleManager: Shutting down and abandoning module SessionFrontend (169)
[2018.11.27-16.53.03:290][ 40]LogModuleManager: Shutting down and abandoning module ProfilerClient (168)
[2018.11.27-16.53.03:291][ 40]LogModuleManager: Shutting down and abandoning module TargetDeviceServices (167)
[2018.11.27-16.53.03:291][ 40]LogModuleManager: Shutting down and abandoning module DeviceManager (166)
[2018.11.27-16.53.03:336][ 40]LogModuleManager: Shutting down and abandoning module AutomationController (165)
[2018.11.27-16.53.03:338][ 40]LogModuleManager: Shutting down and abandoning module AutomationWindow (164)
[2018.11.27-16.53.03:339][ 40]LogModuleManager: Shutting down and abandoning module Layers (163)
[2018.11.27-16.53.03:342][ 40]LogModuleManager: Shutting down and abandoning module ComponentVisualizers (162)
[2018.11.27-16.53.03:342][ 40]LogModuleManager: Shutting down and abandoning module DetailCustomizations (161)
[2018.11.27-16.53.03:344][ 40]LogModuleManager: Shutting down and abandoning module PackagesDialog (160)
[2018.11.27-16.53.03:345][ 40]LogModuleManager: Shutting down and abandoning module AnimGraph (159)
[2018.11.27-16.53.03:345][ 40]LogModuleManager: Shutting down and abandoning module Persona (158)
[2018.11.27-16.53.03:347][ 40]LogModuleManager: Shutting down and abandoning module Kismet (157)
[2018.11.27-16.53.03:349][ 40]LogModuleManager: Shutting down and abandoning module GraphEditor (156)
[2018.11.27-16.53.03:351][ 40]LogModuleManager: Shutting down and abandoning module ClassViewer (155)
[2018.11.27-16.53.03:352][ 40]LogModuleManager: Shutting down and abandoning module Toolbox (154)
[2018.11.27-16.53.03:352][ 40]LogModuleManager: Shutting down and abandoning module ModuleUI (153)
[2018.11.27-16.53.03:352][ 40]LogModuleManager: Shutting down and abandoning module MovieSceneTools (152)
[2018.11.27-16.53.03:353][ 40]LogModuleManager: Shutting down and abandoning module OutputLog (151)
[2018.11.27-16.53.03:353][ 40]LogModuleManager: Shutting down and abandoning module GammaUI (150)
[2018.11.27-16.53.03:354][ 40]LogModuleManager: Shutting down and abandoning module Documentation (149)
[2018.11.27-16.53.03:354][ 40]LogModuleManager: Shutting down and abandoning module Niagara (148)
[2018.11.27-16.53.03:354][ 40]LogModuleManager: Shutting down and abandoning module StreamingPauseRendering (147)
[2018.11.27-16.53.03:354][ 40]LogModuleManager: Shutting down and abandoning module AnalyticsET (146)
[2018.11.27-16.53.03:354][ 40]LogModuleManager: Shutting down and abandoning module PortalServices (145)
[2018.11.27-16.53.03:354][ 40]LogModuleManager: Shutting down and abandoning module PortalRpc (144)
[2018.11.27-16.53.03:354][ 40]LogModuleManager: Shutting down and abandoning module MessagingRpc (143)
[2018.11.27-16.53.03:354][ 40]LogModuleManager: Shutting down and abandoning module GameplayDebugger (142)
[2018.11.27-16.53.03:355][ 40]LogModuleManager: Shutting down and abandoning module AITestSuite (141)
[2018.11.27-16.53.03:355][ 40]LogModuleManager: Shutting down and abandoning module AIModule (140)
[2018.11.27-16.53.03:355][ 40]LogModuleManager: Shutting down and abandoning module ProfilerService (139)
[2018.11.27-16.53.03:368][ 40]LogModuleManager: Shutting down and abandoning module TaskGraph (138)
[2018.11.27-16.53.03:499][ 40]LogModuleManager: Shutting down and abandoning module SlateRemote (137)
[2018.11.27-16.53.03:499][ 40]LogModuleManager: Shutting down and abandoning module SteamVRController (136)
[2018.11.27-16.53.03:499][ 40]LogModuleManager: Shutting down and abandoning module SteamVR (135)
[2018.11.27-16.53.03:499][ 40]LogModuleManager: Shutting down and abandoning module ProceduralMeshComponentEditor (134)
[2018.11.27-16.53.03:499][ 40]LogModuleManager: Shutting down and abandoning module ProceduralMeshComponent (133)
[2018.11.27-16.53.03:499][ 40]LogModuleManager: Shutting down and abandoning module OculusLibrary (132)
[2018.11.27-16.53.03:499][ 40]LogModuleManager: Shutting down and abandoning module OculusInput (131)
[2018.11.27-16.53.03:499][ 40]LogModuleManager: Shutting down and abandoning module CustomMeshComponent (130)
[2018.11.27-16.53.03:499][ 40]LogModuleManager: Shutting down and abandoning module CableComponent (129)
[2018.11.27-16.53.03:499][ 40]LogModuleManager: Shutting down and abandoning module ArchVisCharacter (128)
[2018.11.27-16.53.03:499][ 40]LogModuleManager: Shutting down and abandoning module MediaPlayerEditor (126)
[2018.11.27-16.53.03:501][ 40]LogModuleManager: Shutting down and abandoning module HTML5Networking (125)
[2018.11.27-16.53.03:501][ 40]LogModuleManager: Shutting down and abandoning module GeometryCacheEd (124)
[2018.11.27-16.53.03:501][ 40]LogModuleManager: Shutting down and abandoning module GeometryCache (123)
[2018.11.27-16.53.03:501][ 40]LogModuleManager: Shutting down and abandoning module AlembicLibrary (122)
[2018.11.27-16.53.03:501][ 40]LogModuleManager: Shutting down and abandoning module AlembicImporter (121)
[2018.11.27-16.53.03:501][ 40]LogModuleManager: Shutting down and abandoning module SuperSearch (120)
[2018.11.27-16.53.03:501][ 40]LogModuleManager: Shutting down and abandoning module SuperSearchEditor (119)
[2018.11.27-16.53.03:501][ 40]LogModuleManager: Shutting down and abandoning module SpeedTreeImporter (118)
[2018.11.27-16.53.03:501][ 40]LogModuleManager: Shutting down and abandoning module PluginBrowser (117)
[2018.11.27-16.53.03:502][ 40]LogModuleManager: Shutting down and abandoning module MobileLauncherProfileWizard (116)
[2018.11.27-16.53.03:502][ 40]LogModuleManager: Shutting down and abandoning module EpicSurvey (115)
[2018.11.27-16.53.03:503][ 40]LogModuleManager: Shutting down and abandoning module DesktopPlatform (114)
[2018.11.27-16.53.03:503][ 40]LogModuleManager: Shutting down and abandoning module VisualStudioSourceCodeAccess (113)
[2018.11.27-16.53.03:503][ 40]LogModuleManager: Shutting down and abandoning module UObjectPlugin (112)
[2018.11.27-16.53.03:503][ 40]LogModuleManager: Shutting down and abandoning module SubversionSourceControl (111)
[2018.11.27-16.53.03:504][ 40]LogModuleManager: Shutting down and abandoning module PerforceSourceControl (110)
[2018.11.27-16.53.03:504][ 40]LogModuleManager: Shutting down and abandoning module SourceControl (109)
[2018.11.27-16.53.03:505][ 40]LogModuleManager: Shutting down and abandoning module GitSourceControl (108)
[2018.11.27-16.53.03:505][ 40]LogModuleManager: Shutting down and abandoning module LightPropagationVolumeEditor (107)
[2018.11.27-16.53.03:505][ 40]LogModuleManager: Shutting down and abandoning module PaperTiledImporter (106)
[2018.11.27-16.53.03:505][ 40]LogModuleManager: Shutting down and abandoning module PaperSpriteSheetImporter (105)
[2018.11.27-16.53.03:505][ 40]LogModuleManager: Shutting down and abandoning module MeshPaint (104)
[2018.11.27-16.53.03:505][ 40]LogModuleManager: Shutting down and abandoning module FbxAutomationBuilderModule (103)
[2018.11.27-16.53.03:506][ 40]LogModuleManager: Shutting down and abandoning module PixelInspectorModule (102)
[2018.11.27-16.53.03:506][ 40]LogModuleManager: Shutting down and abandoning module HotReload (101)
[2018.11.27-16.53.03:507][ 40]LogModuleManager: Shutting down and abandoning module MainFrame (100)
[2018.11.27-16.53.03:507][ 40]LogModuleManager: Shutting down and abandoning module LevelEditor (99)
[2018.11.27-16.53.03:508][ 40]LogModuleManager: Shutting down and abandoning module ContentBrowser (98)
[2018.11.27-16.53.03:509][ 40]LogModuleManager: Shutting down and abandoning module Paper2DEditor (97)
[2018.11.27-16.53.03:509][ 40]LogModuleManager: Shutting down and abandoning module UdpMessaging (96)
[2018.11.27-16.53.03:610][ 40]LogModuleManager: Shutting down and abandoning module TcpMessaging (95)
[2018.11.27-16.53.03:711][ 40]LogModuleManager: Shutting down and abandoning module LightPropagationVolumeRuntime (94)
[2018.11.27-16.53.03:711][ 40]LogModuleManager: Shutting down and abandoning module Paper2D (93)
[2018.11.27-16.53.03:711][ 40]LogModuleManager: Shutting down and abandoning module WindowsMoviePlayer (92)
[2018.11.27-16.53.03:716][ 40]LogModuleManager: Shutting down and abandoning module WmfMedia (91)
[2018.11.27-16.53.03:719][ 40]LogModuleManager: Shutting down and abandoning module MediaAssets (90)
[2018.11.27-16.53.03:719][ 40]LogModuleManager: Shutting down and abandoning module GameLiveStreaming (89)
[2018.11.27-16.53.03:719][ 40]LogModuleManager: Shutting down and abandoning module GameplayTagsEditor (88)
[2018.11.27-16.53.03:720][ 40]LogModuleManager: Shutting down and abandoning module VREditor (87)
[2018.11.27-16.53.03:720][ 40]LogModuleManager: Shutting down and abandoning module GameplayTasksEditor (86)
[2018.11.27-16.53.03:720][ 40]LogModuleManager: Shutting down and abandoning module PropertyEditor (85)
[2018.11.27-16.53.03:722][ 40]LogModuleManager: Shutting down and abandoning module BehaviorTreeEditor (84)
[2018.11.27-16.53.03:728][ 40]LogModuleManager: Shutting down and abandoning module FunctionalTesting (83)
[2018.11.27-16.53.03:728][ 40]LogModuleManager: Shutting down and abandoning module CollisionAnalyzer (82)
[2018.11.27-16.53.03:732][ 40]LogModuleManager: Shutting down and abandoning module Sequencer (81)
[2018.11.27-16.53.03:737][ 40]LogModuleManager: Shutting down and abandoning module WorkspaceMenuStructure (80)
[2018.11.27-16.53.03:737][ 40]LogModuleManager: Shutting down and abandoning module MessageLog (79)
[2018.11.27-16.53.03:737][ 40]LogModuleManager: Shutting down and abandoning module AssetTools (78)
[2018.11.27-16.53.03:744][ 40]LogModuleManager: Shutting down and abandoning module UMGEditor (77)
[2018.11.27-16.53.03:749][ 40]LogModuleManager: Shutting down and abandoning module UMG (76)
[2018.11.27-16.53.03:751][ 40]LogModuleManager: Shutting down and abandoning module SlateReflector (75)
[2018.11.27-16.53.03:759][ 40]LogModuleManager: Shutting down and abandoning module Slate (74)
[2018.11.27-16.53.03:759][ 40]LogModuleManager: Shutting down and abandoning module EditorStyle (73)
[2018.11.27-16.53.03:762][ 40]LogModuleManager: Shutting down and abandoning module SourceCodeAccess (72)
[2018.11.27-16.53.03:762][ 40]LogModuleManager: Shutting down and abandoning module HeadMountedDisplay (71)
[2018.11.27-16.53.03:762][ 40]LogModuleManager: Shutting down and abandoning module XAudio2 (70)
[2018.11.27-16.53.03:762][ 40]LogModuleManager: Shutting down and abandoning module Networking (68)
[2018.11.27-16.53.03:762][ 40]LogModuleManager: Shutting down and abandoning module Core (67)
[2018.11.27-16.53.03:762][ 40]LogModuleManager: Shutting down and abandoning module DirectoryWatcher (66)
[2018.11.27-16.53.03:763][ 40]LogDirectoryWatcher: A directory notification for '../../../Engine/Content/' was aborted.
[2018.11.27-16.53.03:763][ 40]LogDirectoryWatcher: A directory notification for 'D:/UnrealProjects/vrWTrigo8/Content/' was aborted.
[2018.11.27-16.53.03:763][ 40]LogDirectoryWatcher: A directory notification for '../../../Engine/Plugins/2D/Paper2D/Content/' was aborted.
[2018.11.27-16.53.03:763][ 40]LogModuleManager: Shutting down and abandoning module AssetRegistry (65)
[2018.11.27-16.53.03:986][ 40]LogModuleManager: Shutting down and abandoning module KismetCompiler (64)
[2018.11.27-16.53.03:986][ 40]LogModuleManager: Shutting down and abandoning module PhysXFormats (63)
[2018.11.27-16.53.03:986][ 40]LogModuleManager: Shutting down and abandoning module MeshUtilities (62)
[2018.11.27-16.53.03:987][ 40]LogModuleManager: Shutting down and abandoning module DerivedDataCache (61)
[2018.11.27-16.53.04:017][ 40]LogDerivedDataCache: Shutdown
[2018.11.27-16.53.04:017][ 40]LogModuleManager: Shutting down and abandoning module VulkanShaderFormat (60)
[2018.11.27-16.53.04:019][ 40]LogModuleManager: Shutting down and abandoning module ShaderFormatOpenGL (59)
[2018.11.27-16.53.04:021][ 40]LogModuleManager: Shutting down and abandoning module ShaderFormatD3D (58)
[2018.11.27-16.53.04:021][ 40]LogModuleManager: Shutting down and abandoning module MetalShaderFormat (57)
[2018.11.27-16.53.04:022][ 40]LogModuleManager: Shutting down and abandoning module TextureFormatUncompressed (56)
[2018.11.27-16.53.04:022][ 40]LogModuleManager: Shutting down and abandoning module TextureFormatPVR (55)
[2018.11.27-16.53.04:022][ 40]LogModuleManager: Shutting down and abandoning module TextureFormatDXT (54)
[2018.11.27-16.53.04:022][ 40]LogModuleManager: Shutting down and abandoning module TextureFormatIntelISPCTexComp (53)
[2018.11.27-16.53.04:025][ 40]LogModuleManager: Shutting down and abandoning module ImageWrapper (52)
[2018.11.27-16.53.04:025][ 40]LogModuleManager: Shutting down and abandoning module TextureFormatASTC (51)
[2018.11.27-16.53.04:025][ 40]LogModuleManager: Shutting down and abandoning module TextureFormatAndroid (50)
[2018.11.27-16.53.04:025][ 40]LogModuleManager: Shutting down and abandoning module AudioFormatOpus (49)
[2018.11.27-16.53.04:025][ 40]LogModuleManager: Shutting down and abandoning module AudioFormatOgg (48)
[2018.11.27-16.53.04:025][ 40]LogModuleManager: Shutting down and abandoning module AudioFormatADPCM (47)
[2018.11.27-16.53.04:025][ 40]LogModuleManager: Shutting down and abandoning module LinuxTargetPlatform (46)
[2018.11.27-16.53.04:025][ 40]LogModuleManager: Shutting down and abandoning module LinuxServerTargetPlatform (45)
[2018.11.27-16.53.04:025][ 40]LogModuleManager: Shutting down and abandoning module LinuxNoEditorTargetPlatform (44)
[2018.11.27-16.53.04:025][ 40]LogModuleManager: Shutting down and abandoning module LinuxClientTargetPlatform (43)
[2018.11.27-16.53.04:025][ 40]LogModuleManager: Shutting down and abandoning module TVOSTargetPlatform (42)
[2018.11.27-16.53.04:025][ 40]LogModuleManager: Shutting down and abandoning module Messaging (41)
[2018.11.27-16.53.04:025][ 40]LogModuleManager: Shutting down and abandoning module IOSTargetPlatform (40)
[2018.11.27-16.53.04:025][ 40]LogModuleManager: Shutting down and abandoning module HTML5TargetPlatform (39)
[2018.11.27-16.53.04:025][ 40]LogModuleManager: Shutting down and abandoning module Android_PVRTCTargetPlatform (38)
[2018.11.27-16.53.04:025][ 40]LogModuleManager: Shutting down and abandoning module Android_MultiTargetPlatform (37)
[2018.11.27-16.53.04:025][ 40]LogModuleManager: Shutting down and abandoning module Android_ETC2TargetPlatform (36)
[2018.11.27-16.53.04:025][ 40]LogModuleManager: Shutting down and abandoning module Android_ETC1TargetPlatform (35)
[2018.11.27-16.53.04:025][ 40]LogModuleManager: Shutting down and abandoning module Android_DXTTargetPlatform (34)
[2018.11.27-16.53.04:025][ 40]LogModuleManager: Shutting down and abandoning module Android_ATCTargetPlatform (33)
[2018.11.27-16.53.04:025][ 40]LogModuleManager: Shutting down and abandoning module Android_ASTCTargetPlatform (32)
[2018.11.27-16.53.04:025][ 40]LogModuleManager: Shutting down and abandoning module AndroidTargetPlatform (31)
[2018.11.27-16.53.04:025][ 40]LogModuleManager: Shutting down and abandoning module WindowsTargetPlatform (30)
[2018.11.27-16.53.04:025][ 40]LogModuleManager: Shutting down and abandoning module WindowsServerTargetPlatform (29)
[2018.11.27-16.53.04:025][ 40]LogModuleManager: Shutting down and abandoning module WindowsNoEditorTargetPlatform (28)
[2018.11.27-16.53.04:025][ 40]LogModuleManager: Shutting down and abandoning module WindowsClientTargetPlatform (27)
[2018.11.27-16.53.04:025][ 40]LogModuleManager: Shutting down and abandoning module AllDesktopTargetPlatform (26)
[2018.11.27-16.53.04:025][ 40]LogModuleManager: Shutting down and abandoning module TargetPlatform (25)
[2018.11.27-16.53.04:025][ 40]LogModuleManager: Shutting down and abandoning module InputCore (24)
[2018.11.27-16.53.04:025][ 40]LogModuleManager: Shutting down and abandoning module Settings (23)
[2018.11.27-16.53.04:026][ 40]LogModuleManager: Shutting down and abandoning module OculusRift (22)
[2018.11.27-16.53.04:026][ 40]LogModuleManager: Shutting down and abandoning module GearVR (21)
[2018.11.27-16.53.04:026][ 40]LogModuleManager: Shutting down and abandoning module ExampleDeviceProfileSelector (20)
[2018.11.27-16.53.04:026][ 40]LogModuleManager: Shutting down and abandoning module OnlineBlueprintSupport (19)
[2018.11.27-16.53.04:026][ 40]LogModuleManager: Shutting down and abandoning module OnlineSubsystem (17)
[2018.11.27-16.53.04:029][ 40]LogOnline:Display: Unloading online subsystem: NULL
[2018.11.27-16.53.04:031][ 40]LogModuleManager: Shutting down and abandoning module HTTP (16)
[2018.11.27-16.53.04:031][ 40]LogHttp:Display: Http module shutting down, but needs to wait on 1 outstanding Http requests:
[2018.11.27-16.53.04:032][ 40]LogHttp:Display: 	verb=[POST] url=[https://datarouter.ol.epicgames.com/datarouter/api/v1/public/data?SessionID=%7B56EBDC8D-42D1-C685-4202-7D8765CDC6A0%7D&AppID=UEEditor.Rocket.Release&AppVersion=4.13.2-3172292%2B%2B%2BUE4%2BRelease-4.13&UserID=48a559c1457afdc1d0993ca787c5572b%7C526c3015292f412191fd915cb8510c16%7C23ec979f-9cca-4e97-b38a-3935e3d085fa&AppEnvironment=datacollector-binary&UploadType=eteventstream] status=Processing
[2018.11.27-16.53.04:040][ 40]LogModuleManager: Shutting down and abandoning module XMPP (15)
[2018.11.27-16.53.04:044][ 40]LogModuleManager: Shutting down and abandoning module TextureCompressor (14)
[2018.11.27-16.53.04:044][ 40]LogModuleManager: Shutting down and abandoning module ShaderCore (13)
[2018.11.27-16.53.04:044][ 40]LogModuleManager: Shutting down and abandoning module Landscape (12)
[2018.11.27-16.53.04:044][ 40]LogModuleManager: Shutting down and abandoning module SlateRHIRenderer (11)
[2018.11.27-16.53.04:047][ 40]LogModuleManager: Shutting down and abandoning module OpenGLDrv (10)
[2018.11.27-16.53.04:049][ 40]LogModuleManager: Shutting down and abandoning module D3D11RHI (9)
[2018.11.27-16.53.04:049][ 40]LogModuleManager: Shutting down and abandoning module AnimGraphRuntime (8)
[2018.11.27-16.53.04:049][ 40]LogModuleManager: Shutting down and abandoning module Renderer (7)
[2018.11.27-16.53.04:049][ 40]LogModuleManager: Shutting down and abandoning module Engine (6)
[2018.11.27-16.53.04:049][ 40]LogModuleManager: Shutting down and abandoning module CoreUObject (5)
[2018.11.27-16.53.04:049][ 40]LogModuleManager: Shutting down and abandoning module NetworkFile (4)
[2018.11.27-16.53.04:052][ 40]LogModuleManager: Shutting down and abandoning module StreamingFile (3)
[2018.11.27-16.53.04:052][ 40]LogModuleManager: Shutting down and abandoning module SandboxFile (2)
[2018.11.27-16.53.04:052][ 40]LogModuleManager: Shutting down and abandoning module PakFile (1)
[2018.11.27-16.53.04:060][ 40]LogExit: Exiting.
[2018.11.27-16.53.04:062][ 40]Log file closed, 11/27/18 17:53:04
